android-app/app/build/intermediates/manifest_merge_blame_file/release/processReleaseMainManifest/manifest-merger-blame-release-report.txt
1<?xml version="1.0" encoding="utf-8"?>
2<manifest xmlns:android="http://schemas.android.com/apk/res/android"
3    package="com.daniewatch.app"
4    android:versionCode="1"
5    android:versionName="1.0.0" >
6
7    <uses-sdk
8        android:minSdkVersion="24"
9        android:targetSdkVersion="34" />
10
11    <uses-permission android:name="android.permission.INTERNET" />
11-->src\main\AndroidManifest.xml:4:5-67
11-->src\main\AndroidManifest.xml:4:22-64
12    <uses-permission
12-->src\main\AndroidManifest.xml:5:5-6:38
13        android:name="android.permission.WRITE_EXTERNAL_STORAGE"
13-->src\main\AndroidManifest.xml:5:22-78
14        android:maxSdkVersion="28" />
14-->src\main\AndroidManifest.xml:6:9-35
15    <uses-permission android:name="android.permission.DOWNLOAD_WITHOUT_NOTIFICATION" />
15-->src\main\AndroidManifest.xml:7:5-88
15-->src\main\AndroidManifest.xml:7:22-85
16    <uses-permission android:name="android.permission.ACCESS_NETWORK_STATE" />
16-->src\main\AndroidManifest.xml:8:5-79
16-->src\main\AndroidManifest.xml:8:22-76
17
18    <queries>
18-->src\main\AndroidManifest.xml:10:5-21:15
19        <intent>
19-->src\main\AndroidManifest.xml:11:9-15:18
20            <action android:name="android.intent.action.VIEW" />
20-->src\main\AndroidManifest.xml:12:13-65
20-->src\main\AndroidManifest.xml:12:21-62
21
22            <category android:name="android.intent.category.BROWSABLE" />
22-->src\main\AndroidManifest.xml:13:13-74
22-->src\main\AndroidManifest.xml:13:23-71
23
24            <data android:scheme="http" />
24-->src\main\AndroidManifest.xml:14:13-43
24-->src\main\AndroidManifest.xml:14:19-40
25        </intent>
26        <intent>
26-->src\main\AndroidManifest.xml:16:9-20:18
27            <action android:name="android.intent.action.VIEW" />
27-->src\main\AndroidManifest.xml:12:13-65
27-->src\main\AndroidManifest.xml:12:21-62
28
29            <category android:name="android.intent.category.BROWSABLE" />
29-->src\main\AndroidManifest.xml:13:13-74
29-->src\main\AndroidManifest.xml:13:23-71
30
31            <data android:scheme="https" />
31-->src\main\AndroidManifest.xml:14:13-43
31-->src\main\AndroidManifest.xml:14:19-40
32        </intent>
33    </queries>
34
35    <application
35-->src\main\AndroidManifest.xml:23:5-45:19
36        android:allowBackup="true"
36-->src\main\AndroidManifest.xml:24:9-35
37        android:extractNativeLibs="false"
38        android:icon="@mipmap/ic_launcher"
38-->src\main\AndroidManifest.xml:25:9-43
39        android:label="@string/app_name"
39-->src\main\AndroidManifest.xml:26:9-41
40        android:networkSecurityConfig="@xml/network_security_config"
40-->src\main\AndroidManifest.xml:31:9-69
41        android:roundIcon="@mipmap/ic_launcher_round"
41-->src\main\AndroidManifest.xml:27:9-54
42        android:supportsRtl="true"
42-->src\main\AndroidManifest.xml:28:9-35
43        android:theme="@style/Theme.DanieWatch"
43-->src\main\AndroidManifest.xml:29:9-48
44        android:usesCleartextTraffic="true" >
44-->src\main\AndroidManifest.xml:30:9-44
45        <activity
45-->src\main\AndroidManifest.xml:33:9-43:20
46            android:name="com.daniewatch.app.MainActivity"
46-->src\main\AndroidManifest.xml:34:13-41
47            android:configChanges="orientation|screenSize|keyboardHidden"
47-->src\main\AndroidManifest.xml:36:13-74
48            android:exported="true"
48-->src\main\AndroidManifest.xml:35:13-36
49            android:launchMode="singleTask"
49-->src\main\AndroidManifest.xml:37:13-44
50            android:screenOrientation="portrait" >
50-->src\main\AndroidManifest.xml:38:13-49
51            <intent-filter>
51-->src\main\AndroidManifest.xml:39:13-42:29
52                <action android:name="android.intent.action.MAIN" />
52-->src\main\AndroidManifest.xml:40:17-69
52-->src\main\AndroidManifest.xml:40:25-66
53
54                <category android:name="android.intent.category.LAUNCHER" />
54-->src\main\AndroidManifest.xml:41:17-77
54-->src\main\AndroidManifest.xml:41:27-74
55            </intent-filter>
56        </activity>
57    </application>
58
59</manifest>